c:\users\user\source\repos\home accounting\home accounting\debug\vc141.pdb
c:\users\user\source\repos\home accounting\home accounting\debug\vc141.idb
c:\users\user\source\repos\home accounting\home accounting\debug\table.obj
c:\users\user\source\repos\home accounting\home accounting\debug\myexception.obj
c:\users\user\source\repos\home accounting\home accounting\debug\mainmenu.obj
c:\users\user\source\repos\home accounting\home accounting\debug\homeaccounting.obj
c:\users\user\source\repos\home accounting\home accounting\debug\inputexception.obj
c:\users\user\source\repos\home accounting\home accounting\debug\income.obj
c:\users\user\source\repos\home accounting\home accounting\debug\file.obj
c:\users\user\source\repos\home accounting\home accounting\debug\monetaryoperation.obj
c:\users\user\source\repos\home accounting\home accounting\debug\expenses.obj
c:\users\user\source\repos\home accounting\home accounting\debug\deposit.obj
c:\users\user\source\repos\home accounting\home accounting\debug\currencies.obj
c:\users\user\source\repos\home accounting\home accounting\debug\algorithm.obj
c:\users\user\source\repos\home accounting\home accounting\debug\account.obj
c:\users\user\source\repos\home accounting\debug\home accounting.ilk
c:\users\user\source\repos\home accounting\debug\home accounting.exe
c:\users\user\source\repos\home accounting\debug\home accounting.pdb
c:\users\user\source\repos\home accounting\home accounting\debug\home accounting.tlog\cl.command.1.tlog
c:\users\user\source\repos\home accounting\home accounting\debug\home accounting.tlog\cl.read.1.tlog
c:\users\user\source\repos\home accounting\home accounting\debug\home accounting.tlog\cl.write.1.tlog
c:\users\user\source\repos\home accounting\home accounting\debug\home accounting.tlog\link.command.1.tlog
c:\users\user\source\repos\home accounting\home accounting\debug\home accounting.tlog\link.read.1.tlog
c:\users\user\source\repos\home accounting\home accounting\debug\home accounting.tlog\link.write.1.tlog
